<?xml version="1.0" encoding="UTF-8"?>
<!-- Generated by org.testng.reporters.JUnitReportReporter -->
<testsuite hostname="DESKTOP-1SSOFLA" failures="0" tests="1" name="SearchFilters_Airlines.TestCase_01" time="29.918" errors="0" timestamp="2024-04-22T18:11:21 IST" skipped="0">
  <testcase classname="SearchFilters_Airlines.TestCase_01" name="testCase01" time="29.918"/>
  <system-out/>
</testsuite> <!-- SearchFilters_Airlines.TestCase_01 -->
